<?xml version="1.0" encoding="UTF-8"?>
<!-- Generated by org.testng.reporters.JUnitReportReporter -->
<testsuite hostname="LAPTOP-GAUPM6CM" failures="0" tests="1" name="com.adactinhotelapp.testcase.ToVerifyWhetherTheCheckoutDateFieldAcceptsaLaterDateThanCheckInDate" time="35.237" errors="0" timestamp="2023-02-27T20:34:12 IST" skipped="0">
  <testcase classname="com.adactinhotelapp.testcase.ToVerifyWhetherTheCheckoutDateFieldAcceptsaLaterDateThanCheckInDate" name="toVerifyWhetherTheCheckoutDateFieldAcceptsaLaterDateThanCheckInDateTest" time="35.237"/>
  <system-out/>
</testsuite> <!-- com.adactinhotelapp.testcase.ToVerifyWhetherTheCheckoutDateFieldAcceptsaLaterDateThanCheckInDate -->
